#
# There is insufficient memory for the Java Runtime Environment to continue.
# Native memory allocation (malloc) failed to allocate 162896 bytes for Chunk::new
# Possible reasons:
#   The system is out of physical RAM or swap space
#   The process is running with CompressedOops enabled, and the Java Heap may be blocking the growth of the native heap
# Possible solutions:
#   Reduce memory load on the system
#   Increase physical memory or swap space
#   Check if swap backing store is full
#   Decrease Java heap size (-Xmx/-Xms)
#   Decrease number of Java threads
#   Decrease Java thread stack sizes (-Xss)
#   Set larger code cache with -XX:ReservedCodeCacheSize=
#   JVM is running with Unscaled Compressed Oops mode in which the Java heap is
#     placed in the first 4GB address space. The Java Heap base address is the
#     maximum limit for the native heap growth. Please use -XX:HeapBaseMinAddress
#     to set the Java Heap base and to place the Java Heap above 4GB virtual address.
# This output file may be truncated or incomplete.
#
#  Out of Memory Error (./src/hotspot/share/memory/arena.cpp:197), pid=15380, tid=18040
#
# JRE version: OpenJDK Runtime Environment Corretto-11.0.15.9.1 (11.0.15+9) (build 11.0.15+9-LTS)
# Java VM: OpenJDK 64-Bit Server VM Corretto-11.0.15.9.1 (11.0.15+9-LTS, mixed mode, tiered, compressed oops, g1 gc, windows-amd64)
# No core dump will be written. Minidumps are not enabled by default on client versions of Windows
#

---------------  S U M M A R Y ------------

Command Line: -javaagent:C:\Program Files\JetBrains\IntelliJ IDEA 2022.1\lib\idea_rt.jar=58303:C:\Program Files\JetBrains\IntelliJ IDEA 2022.1\bin -Dfile.encoding=UTF-8 SobotaZadania.MainStudent

Host: Intel(R) Core(TM) i5-3320M CPU @ 2.60GHz, 4 cores, 7G,  Windows 10 , 64 bit Build 19041 (10.0.19041.1706)
Time: Sun May 29 08:16:11 2022  Windows 10 , 64 bit Build 19041 (10.0.19041.1706) elapsed time: 0.335126 seconds (0d 0h 0m 0s)

---------------  T H R E A D  ---------------

Current thread (0x00000156feb8a000):  JavaThread "C2 CompilerThread0" daemon [_thread_in_native, id=18040, stack(0x00000022cbd00000,0x00000022cbe00000)]


Current CompileTask:
C2:    335  166       4       java.util.HashMap::putVal (300 bytes)

Stack: [0x00000022cbd00000,0x00000022cbe00000]
Native frames: (J=compiled Java code, j=interpreted, Vv=VM code, C=native code)
V  [jvm.dll+0x61e7ba]
V  [jvm.dll+0x7ab749]
V  [jvm.dll+0x7ace38]
V  [jvm.dll+0x7ad513]
V  [jvm.dll+0x24f968]
V  [jvm.dll+0xc262c]
V  [jvm.dll+0xc2bec]
V  [jvm.dll+0x2c17e4]
V  [jvm.dll+0x52da49]
V  [jvm.dll+0x20a77b]
V  [jvm.dll+0x207e6b]
V  [jvm.dll+0x18a371]
V  [jvm.dll+0x2176e4]
V  [jvm.dll+0x21592b]
V  [jvm.dll+0x76e250]
V  [jvm.dll+0x7671b4]
V  [jvm.dll+0x61d616]
C  [ucrtbase.dll+0x21bb2]
C  [KERNEL32.DLL+0x17034]
C  [ntdll.dll+0x52651]


---------------  P R O C E S S  ---------------

Threads class SMR info:
_java_thread_list=0x00000156ff5bceb0, length=10, elements={
0x00000156ef3be000, 0x00000156feb6a800, 0x00000156feb63800, 0x00000156ff4f3800,
0x00000156feb77800, 0x00000156feb79800, 0x00000156feb8a000, 0x00000156feb8b800,
0x00000156feb9e000, 0x00000156ef498000
}

Java Threads: ( => current thread )
  0x00000156ef3be000 JavaThread "main" [_thread_in_native, id=16108, stack(0x00000022cb100000,0x00000022cb200000)]
  0x00000156feb6a800 JavaThread "Reference Handler" daemon [_thread_blocked, id=10720, stack(0x00000022cb800000,0x00000022cb900000)]
  0x00000156feb63800 JavaThread "Finalizer" daemon [_thread_blocked, id=15788, stack(0x00000022cb900000,0x00000022cba00000)]
  0x00000156ff4f3800 JavaThread "Signal Dispatcher" daemon [_thread_blocked, id=5640, stack(0x00000022cba00000,0x00000022cbb00000)]
  0x00000156feb77800 JavaThread "Attach Listener" daemon [_thread_blocked, id=11624, stack(0x00000022cbb00000,0x00000022cbc00000)]
  0x00000156feb79800 JavaThread "Service Thread" daemon [_thread_blocked, id=15100, stack(0x00000022cbc00000,0x00000022cbd00000)]
=>0x00000156feb8a000 JavaThread "C2 CompilerThread0" daemon [_thread_in_native, id=18040, stack(0x00000022cbd00000,0x00000022cbe00000)]
  0x00000156feb8b800 JavaThread "C1 CompilerThread0" daemon [_thread_in_native, id=17640, stack(0x00000022cbe00000,0x00000022cbf00000)]
  0x00000156feb9e000 JavaThread "Sweeper thread" daemon [_thread_blocked, id=12016, stack(0x00000022cbf00000,0x00000022cc000000)]
  0x00000156ef498000 JavaThread "Common-Cleaner" daemon [_thread_blocked, id=18392, stack(0x00000022cc000000,0x00000022cc100000)]

Other Threads:
  0x00000156feb35800 VMThread "VM Thread" [stack: 0x00000022cb700000,0x00000022cb800000] [id=2388]
  0x00000156ef3d7000 GCTaskThread "GC Thread#0" [stack: 0x00000022cb200000,0x00000022cb300000] [id=10824]
  0x00000156ef40a000 ConcurrentGCThread "G1 Main Marker" [stack: 0x00000022cb300000,0x00000022cb400000] [id=4296]
  0x00000156ef40c800 ConcurrentGCThread "G1 Conc#0" [stack: 0x00000022cb400000,0x00000022cb500000] [id=17176]
  0x00000156fe9b0800 ConcurrentGCThread "G1 Refine#0" [stack: 0x00000022cb500000,0x00000022cb600000] [id=12820]
  0x00000156fe9b1000 ConcurrentGCThread "G1 Young RemSet Sampling" [stack: 0x00000022cb600000,0x00000022cb700000] [id=12896]

Threads with active compile tasks:
C2 CompilerThread0      379  166       4       java.util.HashMap::putVal (300 bytes)
C1 CompilerThread0      379  196       3       java.lang.StringBuilder::<init> (7 bytes)

VM state:not at safepoint (normal execution)

VM Mutex/Monitor currently owned by a thread: None

Heap address: 0x0000000081800000, size: 2024 MB, Compressed Oops mode: 32-bit
Narrow klass base: 0x0000000000000000, Narrow klass shift: 3
Compressed class space size: 1073741824 Address: 0x0000000100000000

Heap:
 garbage-first heap   total 131072K, used 1024K [0x0000000081800000, 0x0000000100000000)
  region size 1024K, 2 young (2048K), 0 survivors (0K)
 Metaspace       used 5483K, capacity 5531K, committed 5632K, reserved 1067008K
  class space    used 466K, capacity 502K, committed 512K, reserved 1048576K
Heap Regions: E=young(eden), S=young(survivor), O=old, HS=humongous(starts), HC=humongous(continues), CS=collection set, F=free, A=archive, TAMS=top-at-mark-start (previous, next)
|   0|0x0000000081800000, 0x0000000081800000, 0x0000000081900000|  0%| F|  |TAMS 0x0000000081800000, 0x0000000081800000| Untracked 
|   1|0x0000000081900000, 0x0000000081900000, 0x0000000081a00000|  0%| F|  |TAMS 0x0000000081900000, 0x0000000081900000| Untracked 
|   2|0x0000000081a00000, 0x0000000081a00000, 0x0000000081b00000|  0%| F|  |TAMS 0x0000000081a00000, 0x0000000081a00000| Untracked 
|   3|0x0000000081b00000, 0x0000000081b00000, 0x0000000081c00000|  0%| F|  |TAMS 0x0000000081b00000, 0x0000000081b00000| Untracked 
|   4|0x0000000081c00000, 0x0000000081c00000, 0x0000000081d00000|  0%| F|  |TAMS 0x0000000081c00000, 0x0000000081c00000| Untracked 
|   5|0x0000000081d00000, 0x0000000081d00000, 0x0000000081e00000|  0%| F|  |TAMS 0x0000000081d00000, 0x0000000081d00000| Untracked 
|   6|0x0000000081e00000, 0x0000000081e00000, 0x0000000081f00000|  0%| F|  |TAMS 0x0000000081e00000, 0x0000000081e00000| Untracked 
|   7|0x0000000081f00000, 0x0000000081f00000, 0x0000000082000000|  0%| F|  |TAMS 0x0000000081f00000, 0x0000000081f00000| Untracked 
|   8|0x0000000082000000, 0x0000000082000000, 0x0000000082100000|  0%| F|  |TAMS 0x0000000082000000, 0x0000000082000000| Untracked 
|   9|0x0000000082100000, 0x0000000082100000, 0x0000000082200000|  0%| F|  |TAMS 0x0000000082100000, 0x0000000082100000| Untracked 
|  10|0x0000000082200000, 0x0000000082200000, 0x0000000082300000|  0%| F|  |TAMS 0x0000000082200000, 0x0000000082200000| Untracked 
|  11|0x0000000082300000, 0x0000000082300000, 0x0000000082400000|  0%| F|  |TAMS 0x0000000082300000, 0x0000000082300000| Untracked 
|  12|0x0000000082400000, 0x0000000082400000, 0x0000000082500000|  0%| F|  |TAMS 0x0000000082400000, 0x0000000082400000| Untracked 
|  13|0x0000000082500000, 0x0000000082500000, 0x0000000082600000|  0%| F|  |TAMS 0x0000000082500000, 0x0000000082500000| Untracked 
|  14|0x0000000082600000, 0x0000000082600000, 0x0000000082700000|  0%| F|  |TAMS 0x0000000082600000, 0x0000000082600000| Untracked 
|  15|0x0000000082700000, 0x0000000082700000, 0x0000000082800000|  0%| F|  |TAMS 0x0000000082700000, 0x0000000082700000| Untracked 
|  16|0x0000000082800000, 0x0000000082800000, 0x0000000082900000|  0%| F|  |TAMS 0x0000000082800000, 0x0000000082800000| Untracked 
|  17|0x0000000082900000, 0x0000000082900000, 0x0000000082a00000|  0%| F|  |TAMS 0x0000000082900000, 0x0000000082900000| Untracked 
|  18|0x0000000082a00000, 0x0000000082a00000, 0x0000000082b00000|  0%| F|  |TAMS 0x0000000082a00000, 0x0000000082a00000| Untracked 
|  19|0x0000000082b00000, 0x0000000082b00000, 0x0000000082c00000|  0%| F|  |TAMS 0x0000000082b00000, 0x0000000082b00000| Untracked 
|  20|0x0000000082c00000, 0x0000000082c00000, 0x0000000082d00000|  0%| F|  |TAMS 0x0000000082c00000, 0x0000000082c00000| Untracked 
|  21|0x0000000082d00000, 0x0000000082d00000, 0x0000000082e00000|  0%| F|  |TAMS 0x0000000082d00000, 0x0000000082d00000| Untracked 
|  22|0x0000000082e00000, 0x0000000082e00000, 0x0000000082f00000|  0%| F|  |TAMS 0x0000000082e00000, 0x0000000082e00000| Untracked 
|  23|0x0000000082f00000, 0x0000000082f00000, 0x0000000083000000|  0%| F|  |TAMS 0x0000000082f00000, 0x0000000082f00000| Untracked 
|  24|0x0000000083000000, 0x0000000083000000, 0x0000000083100000|  0%| F|  |TAMS 0x0000000083000000, 0x0000000083000000| Untracked 
|  25|0x0000000083100000, 0x0000000083100000, 0x0000000083200000|  0%| F|  |TAMS 0x0000000083100000, 0x0000000083100000| Untracked 
|  26|0x0000000083200000, 0x0000000083200000, 0x0000000083300000|  0%| F|  |TAMS 0x0000000083200000, 0x0000000083200000| Untracked 
|  27|0x0000000083300000, 0x0000000083300000, 0x0000000083400000|  0%| F|  |TAMS 0x0000000083300000, 0x0000000083300000| Untracked 
|  28|0x0000000083400000, 0x0000000083400000, 0x0000000083500000|  0%| F|  |TAMS 0x0000000083400000, 0x0000000083400000| Untracked 
|  29|0x0000000083500000, 0x0000000083500000, 0x0000000083600000|  0%| F|  |TAMS 0x0000000083500000, 0x0000000083500000| Untracked 
|  30|0x0000000083600000, 0x0000000083600000, 0x0000000083700000|  0%| F|  |TAMS 0x0000000083600000, 0x0000000083600000| Untracked 
|  31|0x0000000083700000, 0x0000000083700000, 0x0000000083800000|  0%| F|  |TAMS 0x0000000083700000, 0x0000000083700000| Untracked 
|  32|0x0000000083800000, 0x0000000083800000, 0x0000000083900000|  0%| F|  |TAMS 0x0000000083800000, 0x0000000083800000| Untracked 
